<?xml version="1.0" encoding="UTF-8"?>
<testng-results ignored="0" total="1" passed="1" failed="0" skipped="0">
  <reporter-output>
  </reporter-output>
  <suite started-at="2024-10-23T17:20:00 IST" name="Default suite" finished-at="2024-10-23T17:20:35 IST" duration-ms="35481">
    <groups>
    </groups>
    <test started-at="2024-10-23T17:20:00 IST" name="Default test" finished-at="2024-10-23T17:20:35 IST" duration-ms="35481">
      <class name="org.pom.BaseClass">
        <test-method signature="login()[pri:0, instance:org.pom.BaseClass@43195e57]" started-at="2024-10-23T17:20:00 IST" name="login" finished-at="2024-10-23T17:20:35 IST" duration-ms="35443" status="PASS">
          <reporter-output>
          </reporter-output>
        </test-method> <!-- login -->
      </class> <!-- org.pom.BaseClass -->
    </test> <!-- Default test -->
  </suite> <!-- Default suite -->
</testng-results>
